<?xml version="1.0" encoding="UTF-8"?>
<!-- Generated by org.testng.reporters.JUnitXMLReporter -->
<testsuite ignored="0" hostname="priya" failures="0" tests="3" name="BatchExecution" time="29.596" errors="0" timestamp="2025-03-05T11:13:51 IST">
  <testcase classname="testNGexecution.LaunchingTwitter" name="LaunchingTwitterTc" time="14.1"/>
  <testcase classname="testNGexecution.LaunchFacebook" name="LaunchFacebookTC" time="6.737"/>
  <testcase classname="testNGexecution.LaunchInstagram" name="LaunchInstagramTC" time="8.669"/>
</testsuite> <!-- BatchExecution -->
