<?xml version="1.0" encoding="UTF-8"?>
<!-- Generated by org.testng.reporters.JUnitXMLReporter -->
<testsuite ignored="0" hostname="priya" failures="0" tests="3" name="BatchExcution" time="25.178" errors="0" timestamp="2025-03-05T11:22:48 IST">
  <testcase classname="testNGexecution.LaunchingTwitter" name="LaunchingTwitterTc" time="9.592"/>
  <testcase classname="testNGexecution.LaunchFacebook" name="LaunchFacebookTC" time="7.454"/>
  <testcase classname="testNGexecution.LaunchInstagram" name="LaunchInstagramTC" time="8.072"/>
</testsuite> <!-- BatchExcution -->
