<?xml version="1.0" encoding="UTF-8"?>
<!-- Generated by org.testng.reporters.JUnitXMLReporter -->
<testsuite ignored="0" hostname="priya" failures="0" tests="3" name="ParallelExecution" time="23.835" errors="0" timestamp="2025-03-05T11:46:19 IST">
  <testcase classname="testNGexecution.LaunchingTwitter" name="launchingtwitterTc" time="9.427"/>
  <testcase classname="testNGexecution.LaunchFacebook" name="launchfacebookTC" time="6.407"/>
  <testcase classname="testNGexecution.LaunchInstagram" name="launchinstagramTC" time="7.949"/>
</testsuite> <!-- ParallelExecution -->
